  [1m[35m (0.1ms)[0m  [1m[34mSELECT sqlite_version(*)[0m
  ↳ bin/rails:4
  [1m[35m (23.4ms)[0m  [1m[35mCREATE TABLE "schema_migrations" ("version" varchar NOT NULL PRIMARY KEY)[0m
  ↳ bin/rails:4
  [1m[35m (3.5ms)[0m  [1m[35mCREATE TABLE "ar_internal_metadata" ("key" varchar NOT NULL PRIMARY KEY, "value" varchar, "created_at" datetime NOT NULL, "updated_at" datetime NOT NULL)[0m
  ↳ bin/rails:4
  [1m[35m (0.1ms)[0m  [1m[34mSELECT "schema_migrations"."version" FROM "schema_migrations" ORDER BY "schema_migrations"."version" ASC[0m
  ↳ bin/rails:4
Migrating to CreatePosts (20220920194206)
  [1m[35m (0.0ms)[0m  [1m[36mbegin transaction[0m
  ↳ bin/rails:4
  [1m[35m (0.2ms)[0m  [1m[35mCREATE TABLE "posts" ("id" integer PRIMARY KEY AUTOINCREMENT NOT NULL, "title" varchar, "text" text, "created_at" datetime NOT NULL, "updated_at" datetime NOT NULL)[0m
  ↳ db/migrate/20220920194206_create_posts.rb:3
  [1m[36mActiveRecord::SchemaMigration Create (0.1ms)[0m  [1m[32mINSERT INTO "schema_migrations" ("version") VALUES (?)[0m  [["version", "20220920194206"]]
  ↳ bin/rails:4
  [1m[35m (21.2ms)[0m  [1m[36mcommit transaction[0m
  ↳ bin/rails:4
  [1m[36mActiveRecord::InternalMetadata Load (0.1ms)[0m  [1m[34mSELECT  "ar_internal_metadata".* FROM "ar_internal_metadata" WHERE "ar_internal_metadata"."key" = ? LIMIT ?[0m  [["key", "environment"], ["LIMIT", 1]]
  ↳ bin/rails:4
  [1m[35m (0.0ms)[0m  [1m[36mbegin transaction[0m
  ↳ bin/rails:4
  [1m[36mActiveRecord::InternalMetadata Create (0.1ms)[0m  [1m[32mINSERT INTO "ar_internal_metadata" ("key", "value", "created_at", "updated_at") VALUES (?, ?, ?, ?)[0m  [["key", "environment"], ["value", "development"], ["created_at", "2022-09-20 19:42:18.902838"], ["updated_at", "2022-09-20 19:42:18.902838"]]
  ↳ bin/rails:4
  [1m[35m (4.1ms)[0m  [1m[36mcommit transaction[0m
  ↳ bin/rails:4
  [1m[35m (0.1ms)[0m  [1m[34mSELECT "schema_migrations"."version" FROM "schema_migrations" ORDER BY "schema_migrations"."version" ASC[0m
  ↳ bin/rails:4
  [1m[35m (0.0ms)[0m  [1m[36mbegin transaction[0m
  [1m[36mPost Create (0.2ms)[0m  [1m[32mINSERT INTO "posts" ("title", "text", "created_at", "updated_at") VALUES (?, ?, ?, ?)[0m  [["title", "exemplo1"], ["text", "texto texto texto"], ["created_at", "2022-09-20 19:43:07.644537"], ["updated_at", "2022-09-20 19:43:07.644537"]]
  [1m[35m (21.1ms)[0m  [1m[36mcommit transaction[0m
  [1m[35m (0.0ms)[0m  [1m[36mbegin transaction[0m
  [1m[36mPost Create (0.2ms)[0m  [1m[32mINSERT INTO "posts" ("title", "text", "created_at", "updated_at") VALUES (?, ?, ?, ?)[0m  [["title", "exemplo2"], ["text", "texto texto texto"], ["created_at", "2022-09-20 19:43:07.746363"], ["updated_at", "2022-09-20 19:43:07.746363"]]
  [1m[35m (22.1ms)[0m  [1m[36mcommit transaction[0m
  [1m[35m (0.1ms)[0m  [1m[36mbegin transaction[0m
  [1m[36mPost Create (0.6ms)[0m  [1m[32mINSERT INTO "posts" ("title", "text", "created_at", "updated_at") VALUES (?, ?, ?, ?)[0m  [["title", "exemplo3"], ["text", "texto texto texto"], ["created_at", "2022-09-20 19:43:10.238356"], ["updated_at", "2022-09-20 19:43:10.238356"]]
  [1m[35m (22.4ms)[0m  [1m[36mcommit transaction[0m
Started GET "/posts" for ::1 at 2022-09-20 16:49:26 -0300
  [1m[35m (0.1ms)[0m  [1m[34mSELECT "schema_migrations"."version" FROM "schema_migrations" ORDER BY "schema_migrations"."version" ASC[0m
  ↳ /var/lib/gems/2.7.0/gems/activerecord-5.2.8.1/lib/active_record/log_subscriber.rb:98
Processing by PostsController#index as HTML
  Rendering posts/index.html.erb within layouts/application
  Rendered posts/index.html.erb within layouts/application (2.5ms)
Completed 500 Internal Server Error in 27ms (ActiveRecord: 0.0ms)


  
ActionView::Template::Error (undefined method `each' for nil:NilClass):
     8:     </tr>
     9:   </thead>
    10:   <tbody>
    11:     <% @posts.each do |post| %>
    12:       <tr>
    13:         <td><%= post.id %></td>
    14:         <td><%= post.title %></td>
  
app/views/posts/index.html.erb:11:in `_app_views_posts_index_html_erb___1097792641738379106_13360'
Started GET "/posts" for ::1 at 2022-09-20 16:50:00 -0300
Processing by PostsController#index as HTML
  Rendering posts/index.html.erb within layouts/application
  [1m[36mPost Load (0.1ms)[0m  [1m[34mSELECT "posts".* FROM "posts"[0m
  ↳ app/views/posts/index.html.erb:11
  Rendered posts/index.html.erb within layouts/application (7.7ms)
Completed 200 OK in 353ms (Views: 351.2ms | ActiveRecord: 0.5ms)


Started GET "/posts" for ::1 at 2022-09-20 17:13:18 -0300
Processing by PostsController#index as HTML
  Rendering posts/index.html.erb within layouts/application
  Rendered posts/index.html.erb within layouts/application (0.5ms)
Completed 500 Internal Server Error in 3ms (ActiveRecord: 0.0ms)


  
SyntaxError (/home/isabelaassiscardoso/Estudos/appTeste/app/views/posts/index.html.erb:32: syntax error, unexpected end-of-input, expecting `end'):
  
app/views/posts/index.html.erb:32: syntax error, unexpected end-of-input, expecting `end'
Started GET "/posts" for ::1 at 2022-09-20 17:13:52 -0300
Processing by PostsController#index as HTML
  Rendering posts/index.html.erb within layouts/application
  [1m[36mPost Load (0.4ms)[0m  [1m[34mSELECT "posts".* FROM "posts"[0m
  ↳ app/views/posts/index.html.erb:11
  Rendered posts/index.html.erb within layouts/application (98.9ms)
Completed 500 Internal Server Error in 100ms (ActiveRecord: 0.8ms)


  
ActionView::Template::Error (undefined local variable or method `“Detalhes”' for #<#<Class:0x00007f382d075820>:0x00007f382cdd5048>):
    23:       <td><%= post.id %></td>
    24:       <td><%= post.title %></td>
    25:       <td>
    26:         <%= link_to “Detalhes”, post_path(post) %>
    27:       </td>
    28:     </tr>
    29:     <% end %>
  
app/views/posts/index.html.erb:26:in `block in _app_views_posts_index_html_erb___1097792641738379106_17480'
app/views/posts/index.html.erb:21:in `_app_views_posts_index_html_erb___1097792641738379106_17480'
Started GET "/posts" for ::1 at 2022-09-20 17:14:37 -0300
Processing by PostsController#index as HTML
  Rendering posts/index.html.erb within layouts/application
  [1m[36mPost Load (0.1ms)[0m  [1m[34mSELECT "posts".* FROM "posts"[0m
  ↳ app/views/posts/index.html.erb:13
  Rendered posts/index.html.erb within layouts/application (100.9ms)
Completed 500 Internal Server Error in 102ms (ActiveRecord: 0.1ms)


  
ActionView::Template::Error (undefined local variable or method `“Detalhes”' for #<#<Class:0x00007f382d075820>:0x00007f382cc92398>):
    20:           <td><%= post.id %></td>
    21:           <td><%= post.title %></td>
    22:           <td>
    23:             <%= link_to “Detalhes”, post_path(post) %>
    24:           </td>
    25:         </tr>
    26:         <% end %>
  
app/views/posts/index.html.erb:23:in `block (2 levels) in _app_views_posts_index_html_erb___1097792641738379106_18100'
app/views/posts/index.html.erb:18:in `block in _app_views_posts_index_html_erb___1097792641738379106_18100'
app/views/posts/index.html.erb:13:in `_app_views_posts_index_html_erb___1097792641738379106_18100'
Started GET "/posts" for ::1 at 2022-09-20 17:14:44 -0300
Processing by PostsController#index as HTML
  Rendering posts/index.html.erb within layouts/application
  [1m[36mPost Load (0.1ms)[0m  [1m[34mSELECT "posts".* FROM "posts"[0m
  ↳ app/views/posts/index.html.erb:13
  Rendered posts/index.html.erb within layouts/application (80.1ms)
Completed 500 Internal Server Error in 81ms (ActiveRecord: 0.1ms)


  
ActionView::Template::Error (undefined local variable or method `“Detalhes”' for #<#<Class:0x00007f382d075820>:0x00007f382ceaadd8>):
    20:       <td><%= post.id %></td>
    21:       <td><%= post.title %></td>
    22:       <td>
    23:         <%= link_to “Detalhes”, post_path(post) %>
    24:       </td>
    25:     </tr>
    26:     <% end %>
  
app/views/posts/index.html.erb:23:in `block (2 levels) in _app_views_posts_index_html_erb___1097792641738379106_18640'
app/views/posts/index.html.erb:18:in `block in _app_views_posts_index_html_erb___1097792641738379106_18640'
app/views/posts/index.html.erb:13:in `_app_views_posts_index_html_erb___1097792641738379106_18640'
Started GET "/posts" for ::1 at 2022-09-20 17:15:21 -0300
Processing by PostsController#index as HTML
  Rendering posts/index.html.erb within layouts/application
  [1m[36mPost Load (0.1ms)[0m  [1m[34mSELECT "posts".* FROM "posts"[0m
  ↳ app/views/posts/index.html.erb:11
  Rendered posts/index.html.erb within layouts/application (0.8ms)
Completed 200 OK in 8ms (Views: 7.7ms | ActiveRecord: 0.1ms)


Started GET "/posts" for ::1 at 2022-09-20 17:15:36 -0300
Processing by PostsController#index as HTML
  Rendering posts/index.html.erb within layouts/application
  [1m[36mPost Load (0.1ms)[0m  [1m[34mSELECT "posts".* FROM "posts"[0m
  ↳ app/views/posts/index.html.erb:11
  Rendered posts/index.html.erb within layouts/application (70.0ms)
Completed 500 Internal Server Error in 71ms (ActiveRecord: 0.1ms)


  
ActionView::Template::Error (undefined local variable or method `“Detalhes”' for #<#<Class:0x00007f382d075820>:0x00007f382cb88c90>):
    23:       <td><%= post.id %></td>
    24:       <td><%= post.title %></td>
    25:       <td>
    26:         <%= link_to “Detalhes”, post_path(post) %>
    27:       </td>
    28:     </tr>
    29:   <% end %>
  
app/views/posts/index.html.erb:26:in `block in _app_views_posts_index_html_erb___1097792641738379106_19240'
app/views/posts/index.html.erb:21:in `_app_views_posts_index_html_erb___1097792641738379106_19240'
Started GET "/posts" for ::1 at 2022-09-20 17:17:03 -0300
Processing by PostsController#index as HTML
  Rendering posts/index.html.erb within layouts/application
  [1m[36mPost Load (0.1ms)[0m  [1m[34mSELECT "posts".* FROM "posts"[0m
  ↳ app/views/posts/index.html.erb:11
  Rendered posts/index.html.erb within layouts/application (79.3ms)
Completed 500 Internal Server Error in 80ms (ActiveRecord: 0.1ms)


  
ActionView::Template::Error (undefined local variable or method `“Detalhes”' for #<#<Class:0x00007f382d075820>:0x00007f382c8fe740>):
    20:           <td><%= post.id %></td>
    21:           <td><%= post.title %></td>
    22:           <td>
    23:             <%= link_to “Detalhes”, post_path(post) %>
    24:           </td>
    25:         </tr>
    26:       <% end %>
  
app/views/posts/index.html.erb:23:in `block (2 levels) in _app_views_posts_index_html_erb___1097792641738379106_19780'
app/views/posts/index.html.erb:18:in `block in _app_views_posts_index_html_erb___1097792641738379106_19780'
app/views/posts/index.html.erb:11:in `_app_views_posts_index_html_erb___1097792641738379106_19780'
Started GET "/posts" for ::1 at 2022-09-20 17:18:05 -0300
Processing by PostsController#index as HTML
  Rendering posts/index.html.erb within layouts/application
  [1m[36mPost Load (0.1ms)[0m  [1m[34mSELECT "posts".* FROM "posts"[0m
  ↳ app/views/posts/index.html.erb:11
  Rendered posts/index.html.erb within layouts/application (87.8ms)
Completed 500 Internal Server Error in 90ms (ActiveRecord: 0.1ms)


  
ActionView::Template::Error (undefined local variable or method `“Detalhes”' for #<#<Class:0x00007f382d075820>:0x00007f382cf64ad0>):
    14:         <td><%= post.title %></td>
    15:         <td> botôes </td>
    16:         <td>
    17:             <%= link_to “Detalhes”, post_path(post) %>
    18:           </td>
    19:       </tr>
    20: 
  
app/views/posts/index.html.erb:17:in `block in _app_views_posts_index_html_erb___1097792641738379106_20320'
app/views/posts/index.html.erb:11:in `_app_views_posts_index_html_erb___1097792641738379106_20320'
Started GET "/posts" for ::1 at 2022-09-20 17:18:37 -0300
Processing by PostsController#index as HTML
  Rendering posts/index.html.erb within layouts/application
  [1m[36mPost Load (0.1ms)[0m  [1m[34mSELECT "posts".* FROM "posts"[0m
  ↳ app/views/posts/index.html.erb:11
  Rendered posts/index.html.erb within layouts/application (69.8ms)
Completed 500 Internal Server Error in 71ms (ActiveRecord: 0.1ms)


  
ActionView::Template::Error (undefined local variable or method `“Detalhes”' for #<#<Class:0x00007f382d075820>:0x00007f382cd80098>):
    14:         <td><%= post.title %></td>
    15:         <td> botôes </td>
    16:         <td>
    17:             <%= link_to “Detalhes”, post_path(post) %>
    18:           </td>
    19:       </tr>
    20:     <% end %>
  
app/views/posts/index.html.erb:17:in `block in _app_views_posts_index_html_erb___1097792641738379106_20860'
app/views/posts/index.html.erb:11:in `_app_views_posts_index_html_erb___1097792641738379106_20860'
Started GET "/posts" for ::1 at 2022-09-20 17:19:34 -0300
Processing by PostsController#index as HTML
  Rendering posts/index.html.erb within layouts/application
  [1m[36mPost Load (0.1ms)[0m  [1m[34mSELECT "posts".* FROM "posts"[0m
  ↳ app/views/posts/index.html.erb:11
  Rendered posts/index.html.erb within layouts/application (97.2ms)
Completed 500 Internal Server Error in 100ms (ActiveRecord: 0.5ms)


  
ActionView::Template::Error (undefined local variable or method `“Detalhes”' for #<#<Class:0x00007f382c92fb88>:0x00007f382c92ca28>):
    14:         <td><%= post.title %></td>
    15:         <td> botôes </td>
    16:         <td>
    17:             <%= link_to “Detalhes”, post_path(post) %>
    18:           </td>
    19:       </tr>
    20:     <% end %>
  
app/views/posts/index.html.erb:17:in `block in _app_views_posts_index_html_erb___1097792641738379106_22780'
app/views/posts/index.html.erb:11:in `_app_views_posts_index_html_erb___1097792641738379106_22780'
Started GET "/posts" for ::1 at 2022-09-20 17:20:32 -0300
Processing by PostsController#index as HTML
  Rendering posts/index.html.erb within layouts/application
  [1m[36mPost Load (0.1ms)[0m  [1m[34mSELECT "posts".* FROM "posts"[0m
  ↳ app/views/posts/index.html.erb:11
  Rendered posts/index.html.erb within layouts/application (77.6ms)
Completed 500 Internal Server Error in 79ms (ActiveRecord: 0.1ms)


  
ActionView::Template::Error (undefined local variable or method `“Detalhes”' for #<#<Class:0x00007f382c92fb88>:0x00007f38240eceb0>):
    13:       <td><%= post.id %></td>
    14:       <td><%= post.title %></td>
    15:       <td>
    16:         <%= link_to “Detalhes”, post_path(post) %>
    17:       </td>
    18:     </tr>
    19:   <% end %>
  
app/views/posts/index.html.erb:16:in `block in _app_views_posts_index_html_erb___1097792641738379106_23320'
app/views/posts/index.html.erb:11:in `_app_views_posts_index_html_erb___1097792641738379106_23320'
Started GET "/posts" for ::1 at 2022-09-20 17:21:07 -0300
Processing by PostsController#index as HTML
  Rendering posts/index.html.erb within layouts/application
  [1m[36mPost Load (0.1ms)[0m  [1m[34mSELECT "posts".* FROM "posts"[0m
  ↳ app/views/posts/index.html.erb:12
  Rendered posts/index.html.erb within layouts/application (64.7ms)
Completed 500 Internal Server Error in 66ms (ActiveRecord: 0.1ms)


  
ActionView::Template::Error (undefined local variable or method `“Detalhes”' for #<#<Class:0x00007f382c92fb88>:0x00007f381612b7e0>):
    14:       <td><%= post.id %></td>
    15:       <td><%= post.title %></td>
    16:       <td>
    17:         <%= link_to “Detalhes”, post_path(post) %>
    18:       </td>
    19:     </tr>
    20:   <% end %>
  
app/views/posts/index.html.erb:17:in `block in _app_views_posts_index_html_erb___1097792641738379106_23860'
app/views/posts/index.html.erb:12:in `_app_views_posts_index_html_erb___1097792641738379106_23860'
Started GET "/posts" for ::1 at 2022-09-20 17:21:38 -0300
Processing by PostsController#index as HTML
  Rendering posts/index.html.erb within layouts/application
  [1m[36mPost Load (0.1ms)[0m  [1m[34mSELECT "posts".* FROM "posts"[0m
  ↳ app/views/posts/index.html.erb:12
  Rendered posts/index.html.erb within layouts/application (37.6ms)
Completed 500 Internal Server Error in 39ms (ActiveRecord: 0.1ms)


  
ActionView::Template::Error (undefined method `“' for #<#<Class:0x00007f382c92fb88>:0x00007f3824306480>):
    14:       <td><%= post.id %></td>
    15:       <td><%= post.title %></td>
    16:       <td>
    17:         <%= link_to “'Detalhes', post_path(post) %>
    18:       </td>
    19:     </tr>
    20:   <% end %>
  
app/views/posts/index.html.erb:17:in `block in _app_views_posts_index_html_erb___1097792641738379106_24400'
app/views/posts/index.html.erb:12:in `_app_views_posts_index_html_erb___1097792641738379106_24400'
Started GET "/posts" for ::1 at 2022-09-20 17:21:48 -0300
Processing by PostsController#index as HTML
  Rendering posts/index.html.erb within layouts/application
  [1m[36mPost Load (0.1ms)[0m  [1m[34mSELECT "posts".* FROM "posts"[0m
  ↳ app/views/posts/index.html.erb:12
  Rendered posts/index.html.erb within layouts/application (1.3ms)
Completed 200 OK in 12ms (Views: 11.0ms | ActiveRecord: 0.1ms)


Started GET "/posts" for ::1 at 2022-09-20 17:21:57 -0300
Processing by PostsController#index as HTML
  Rendering posts/index.html.erb within layouts/application
  [1m[36mPost Load (0.1ms)[0m  [1m[34mSELECT "posts".* FROM "posts"[0m
  ↳ app/views/posts/index.html.erb:12
  Rendered posts/index.html.erb within layouts/application (1.1ms)
Completed 200 OK in 10ms (Views: 9.0ms | ActiveRecord: 0.1ms)


Started GET "/posts" for ::1 at 2022-09-20 17:22:05 -0300
Processing by PostsController#index as HTML
  Rendering posts/index.html.erb within layouts/application
  [1m[36mPost Load (0.1ms)[0m  [1m[34mSELECT "posts".* FROM "posts"[0m
  ↳ app/views/posts/index.html.erb:12
  Rendered posts/index.html.erb within layouts/application (1.4ms)
Completed 200 OK in 10ms (Views: 9.1ms | ActiveRecord: 0.1ms)


Started GET "/posts" for ::1 at 2022-09-20 17:22:14 -0300
Processing by PostsController#index as HTML
  Rendering posts/index.html.erb within layouts/application
  [1m[36mPost Load (0.1ms)[0m  [1m[34mSELECT "posts".* FROM "posts"[0m
  ↳ app/views/posts/index.html.erb:12
  Rendered posts/index.html.erb within layouts/application (1.3ms)
Completed 200 OK in 10ms (Views: 8.7ms | ActiveRecord: 0.1ms)


Started GET "/posts/1" for ::1 at 2022-09-20 17:27:51 -0300
Processing by PostsController#show as HTML
  Parameters: {"id"=>"1"}
  [1m[36mPost Load (0.2ms)[0m  [1m[34mSELECT  "posts".* FROM "posts" WHERE "posts"."id" = ? LIMIT ?[0m  [["id", 1], ["LIMIT", 1]]
  ↳ app/controllers/posts_controller.rb:8
  Rendering posts/show.html.erb within layouts/application
  Rendered posts/show.html.erb within layouts/application (69.4ms)
Completed 500 Internal Server Error in 77ms (ActiveRecord: 0.2ms)


  
ActionView::Template::Error (undefined local variable or method `“Voltar”' for #<#<Class:0x00007f382c92fb88>:0x00007f3824c02d68>):
    2: <p><strong>ID:</strong> <%= @post.id %></p>
    3: <p><strong>Título:</strong> <%= @post.title %></p>
    4: <p><strong>Texto:</strong> <%= @post.text %></p>
    5: <%= link_to “Voltar”, posts_path %>
  
app/views/posts/show.html.erb:5:in `_app_views_posts_show_html_erb___1988394960239330785_25480'
Started GET "/posts/1" for ::1 at 2022-09-20 17:28:17 -0300
Processing by PostsController#show as HTML
  Parameters: {"id"=>"1"}
  [1m[36mPost Load (0.1ms)[0m  [1m[34mSELECT  "posts".* FROM "posts" WHERE "posts"."id" = ? LIMIT ?[0m  [["id", 1], ["LIMIT", 1]]
  ↳ app/controllers/posts_controller.rb:8
  Rendering posts/show.html.erb within layouts/application
  Rendered posts/show.html.erb within layouts/application (0.5ms)
Completed 200 OK in 10ms (Views: 8.5ms | ActiveRecord: 0.1ms)


Started GET "/posts" for ::1 at 2022-09-20 17:28:20 -0300
Processing by PostsController#index as HTML
  Rendering posts/index.html.erb within layouts/application
  [1m[36mPost Load (0.1ms)[0m  [1m[34mSELECT "posts".* FROM "posts"[0m
  ↳ app/views/posts/index.html.erb:12
  Rendered posts/index.html.erb within layouts/application (1.5ms)
Completed 200 OK in 10ms (Views: 8.6ms | ActiveRecord: 0.1ms)


Started GET "/posts" for ::1 at 2022-09-20 17:37:00 -0300
Processing by PostsController#index as HTML
  Rendering posts/index.html.erb within layouts/application
  [1m[36mPost Load (0.1ms)[0m  [1m[34mSELECT "posts".* FROM "posts"[0m
  ↳ app/views/posts/index.html.erb:12
  Rendered posts/index.html.erb within layouts/application (68.4ms)
Completed 500 Internal Server Error in 70ms (ActiveRecord: 0.5ms)


  
ActionView::Template::Error (undefined local variable or method `new_post_path' for #<#<Class:0x00007f3824690100>:0x00007f38249467f0>
Did you mean?  new_polymorphic_path):
    21:   </tbody>
    22: </table>
    23: 
    24: <%= link_to "+ Novo Post", new_post_path %>
  
app/views/posts/index.html.erb:24:in `_app_views_posts_index_html_erb___1097792641738379106_27560'
Started GET "/posts" for ::1 at 2022-09-20 17:37:10 -0300
Processing by PostsController#index as HTML
  Rendering posts/index.html.erb within layouts/application
  [1m[36mPost Load (0.1ms)[0m  [1m[34mSELECT "posts".* FROM "posts"[0m
  ↳ app/views/posts/index.html.erb:12
  Rendered posts/index.html.erb within layouts/application (72.2ms)
Completed 500 Internal Server Error in 73ms (ActiveRecord: 0.1ms)


  
ActionView::Template::Error (undefined local variable or method `new_post_path' for #<#<Class:0x00007f3824690100>:0x00007f38264b9370>
Did you mean?  new_polymorphic_path):
    21:   </tbody>
    22: </table>
    23: 
    24: <%= link_to '+ Novo Post', new_post_path %>
  
app/views/posts/index.html.erb:24:in `_app_views_posts_index_html_erb___1097792641738379106_28100'
Started GET "/posts" for ::1 at 2022-09-20 17:37:37 -0300
Processing by PostsController#index as HTML
  Rendering posts/index.html.erb within layouts/application
  [1m[36mPost Load (0.1ms)[0m  [1m[34mSELECT "posts".* FROM "posts"[0m
  ↳ app/views/posts/index.html.erb:12
  Rendered posts/index.html.erb within layouts/application (76.5ms)
Completed 500 Internal Server Error in 78ms (ActiveRecord: 0.1ms)


  
ActionView::Template::Error (undefined local variable or method `new_post_path' for #<#<Class:0x00007f3824690100>:0x00007f382c8e7130>
Did you mean?  new_polymorphic_path):
    21:   </tbody>
    22: </table>
    23: 
    24: #<%= link_to '+ Novo Post', new_post_path %>
  
app/views/posts/index.html.erb:24:in `_app_views_posts_index_html_erb___1097792641738379106_28620'
Started GET "/posts" for ::1 at 2022-09-20 17:37:46 -0300
Processing by PostsController#index as HTML
  Rendering posts/index.html.erb within layouts/application
  [1m[36mPost Load (0.1ms)[0m  [1m[34mSELECT "posts".* FROM "posts"[0m
  ↳ app/views/posts/index.html.erb:12
  Rendered posts/index.html.erb within layouts/application (1.2ms)
Completed 200 OK in 10ms (Views: 9.7ms | ActiveRecord: 0.1ms)


Started GET "/posts" for ::1 at 2022-09-20 17:38:21 -0300
Processing by PostsController#index as HTML
  Rendering posts/index.html.erb within layouts/application
  [1m[36mPost Load (0.1ms)[0m  [1m[34mSELECT "posts".* FROM "posts"[0m
  ↳ app/views/posts/index.html.erb:12
  Rendered posts/index.html.erb within layouts/application (94.9ms)
Completed 500 Internal Server Error in 96ms (ActiveRecord: 0.1ms)


  
ActionView::Template::Error (undefined local variable or method `new_posts_path' for #<#<Class:0x00007f3824690100>:0x00007f38249a6588>):
    21:   </tbody>
    22: </table>
    23: 
    24: <%= link_to '+ Novo Post', new_posts_path %>
  
app/views/posts/index.html.erb:24:in `_app_views_posts_index_html_erb___1097792641738379106_29240'
Started GET "/posts" for ::1 at 2022-09-20 17:38:36 -0300
Processing by PostsController#index as HTML
  Rendering posts/index.html.erb within layouts/application
  [1m[36mPost Load (0.1ms)[0m  [1m[34mSELECT "posts".* FROM "posts"[0m
  ↳ app/views/posts/index.html.erb:12
  Rendered posts/index.html.erb within layouts/application (64.7ms)
Completed 500 Internal Server Error in 66ms (ActiveRecord: 0.1ms)


  
ActionView::Template::Error (undefined local variable or method `new_post_path' for #<#<Class:0x00007f3824690100>:0x00007f382560c480>
Did you mean?  new_polymorphic_path):
    21:   </tbody>
    22: </table>
    23: 
    24: <%= link_to '+ Novo Post', new_post_path %>
  
app/views/posts/index.html.erb:24:in `_app_views_posts_index_html_erb___1097792641738379106_29780'
Started GET "/posts" for ::1 at 2022-09-20 17:38:56 -0300
Processing by PostsController#index as HTML
  Rendering posts/index.html.erb within layouts/application
  [1m[36mPost Load (0.1ms)[0m  [1m[34mSELECT "posts".* FROM "posts"[0m
  ↳ app/views/posts/index.html.erb:12
  Rendered posts/index.html.erb within layouts/application (3.7ms)
Completed 200 OK in 11ms (Views: 9.2ms | ActiveRecord: 0.4ms)


Started GET "/posts/new" for ::1 at 2022-09-20 17:39:08 -0300
Processing by PostsController#show as HTML
  Parameters: {"id"=>"new"}
  [1m[36mPost Load (0.2ms)[0m  [1m[34mSELECT  "posts".* FROM "posts" WHERE "posts"."id" = ? LIMIT ?[0m  [["id", 0], ["LIMIT", 1]]
  ↳ app/controllers/posts_controller.rb:8
Completed 404 Not Found in 2ms (ActiveRecord: 0.2ms)


  
ActiveRecord::RecordNotFound (Couldn't find Post with 'id'=new):
  
app/controllers/posts_controller.rb:8:in `show'
Started GET "/posts" for ::1 at 2022-09-20 17:39:19 -0300
Processing by PostsController#index as HTML
  Rendering posts/index.html.erb within layouts/application
  [1m[36mPost Load (0.1ms)[0m  [1m[34mSELECT "posts".* FROM "posts"[0m
  ↳ app/views/posts/index.html.erb:12
  Rendered posts/index.html.erb within layouts/application (1.0ms)
Completed 200 OK in 10ms (Views: 9.6ms | ActiveRecord: 0.1ms)


Started GET "/posts/new" for ::1 at 2022-09-20 17:40:26 -0300
  
SyntaxError (/home/isabelaassiscardoso/Estudos/appTeste/app/controllers/posts_controller.rb:18: syntax error, unexpected ':', expecting `end'
          redirect_to: post_path(@post)
                     ^
/home/isabelaassiscardoso/Estudos/appTeste/app/controllers/posts_controller.rb:20: syntax error, unexpected ':', expecting `end'
          render: :new
                ^
):
  
app/controllers/posts_controller.rb:18: syntax error, unexpected ':', expecting `end'
app/controllers/posts_controller.rb:20: syntax error, unexpected ':', expecting `end'
Started GET "/posts/new" for ::1 at 2022-09-20 17:40:51 -0300
  
SyntaxError (/home/isabelaassiscardoso/Estudos/appTeste/app/controllers/posts_controller.rb:18: syntax error, unexpected ':', expecting `end'
          redirect_to: post_path(@post)
                     ^
/home/isabelaassiscardoso/Estudos/appTeste/app/controllers/posts_controller.rb:20: syntax error, unexpected ':', expecting `end'
          render: :new
                ^
/home/isabelaassiscardoso/Estudos/appTeste/app/controllers/posts_controller.rb:24: syntax error, unexpected end-of-input, expecting `end'):
  
app/controllers/posts_controller.rb:18: syntax error, unexpected ':', expecting `end'
app/controllers/posts_controller.rb:20: syntax error, unexpected ':', expecting `end'
app/controllers/posts_controller.rb:24: syntax error, unexpected end-of-input, expecting `end'
Started GET "/posts/new" for ::1 at 2022-09-20 17:42:43 -0300
  
SyntaxError (/home/isabelaassiscardoso/Estudos/appTeste/app/controllers/posts_controller.rb:18: syntax error, unexpected ':', expecting `end'
          redirect_to: post_path(@post)
                     ^
/home/isabelaassiscardoso/Estudos/appTeste/app/controllers/posts_controller.rb:20: syntax error, unexpected ':', expecting `end'
          render: :new
                ^
):
  
app/controllers/posts_controller.rb:18: syntax error, unexpected ':', expecting `end'
app/controllers/posts_controller.rb:20: syntax error, unexpected ':', expecting `end'
Started GET "/posts/new" for ::1 at 2022-09-20 17:44:50 -0300
  
SyntaxError (/home/isabelaassiscardoso/Estudos/appTeste/app/controllers/posts_controller.rb:18: syntax error, unexpected ':', expecting `end'
          redirect_to: post_path(@post)
                     ^
/home/isabelaassiscardoso/Estudos/appTeste/app/controllers/posts_controller.rb:20: syntax error, unexpected ':', expecting `end'
          render: :new
                ^
):
  
app/controllers/posts_controller.rb:18: syntax error, unexpected ':', expecting `end'
app/controllers/posts_controller.rb:20: syntax error, unexpected ':', expecting `end'
Started GET "/posts/new" for ::1 at 2022-09-20 17:44:59 -0300
  
SyntaxError (/home/isabelaassiscardoso/Estudos/appTeste/app/controllers/posts_controller.rb:18: syntax error, unexpected ':', expecting `end'
          redirect_to: post_path(@post)
                     ^
/home/isabelaassiscardoso/Estudos/appTeste/app/controllers/posts_controller.rb:20: syntax error, unexpected ':', expecting `end'
          render: :new
                ^
):
  
app/controllers/posts_controller.rb:18: syntax error, unexpected ':', expecting `end'
app/controllers/posts_controller.rb:20: syntax error, unexpected ':', expecting `end'
Started GET "/posts/new" for ::1 at 2022-09-20 17:45:11 -0300
  
SyntaxError (/home/isabelaassiscardoso/Estudos/appTeste/app/controllers/posts_controller.rb:18: syntax error, unexpected ':', expecting `end'
        redirect_to: post_path(@post)
                   ^
/home/isabelaassiscardoso/Estudos/appTeste/app/controllers/posts_controller.rb:20: syntax error, unexpected ':', expecting `end'
        render: :new
              ^
):
  
app/controllers/posts_controller.rb:18: syntax error, unexpected ':', expecting `end'
app/controllers/posts_controller.rb:20: syntax error, unexpected ':', expecting `end'
Started GET "/posts/new" for ::1 at 2022-09-20 17:46:08 -0300
  
SyntaxError (/home/isabelaassiscardoso/Estudos/appTeste/app/controllers/posts_controller.rb:18: syntax error, unexpected ':', expecting `end'
        else render: :new
                   ^
):
  
app/controllers/posts_controller.rb:18: syntax error, unexpected ':', expecting `end'
Started GET "/posts/new" for ::1 at 2022-09-20 17:46:24 -0300
  
SyntaxError (/home/isabelaassiscardoso/Estudos/appTeste/app/controllers/posts_controller.rb:18: syntax error, unexpected ':', expecting `end'
        else render: :new
                   ^
/home/isabelaassiscardoso/Estudos/appTeste/app/controllers/posts_controller.rb:24: syntax error, unexpected end-of-input, expecting `end'):
  
app/controllers/posts_controller.rb:18: syntax error, unexpected ':', expecting `end'
app/controllers/posts_controller.rb:24: syntax error, unexpected end-of-input, expecting `end'
Started GET "/posts/new" for ::1 at 2022-09-20 17:46:30 -0300
  
SyntaxError (/home/isabelaassiscardoso/Estudos/appTeste/app/controllers/posts_controller.rb:18: syntax error, unexpected ':', expecting `end'
        else render: :new
                   ^
):
  
app/controllers/posts_controller.rb:18: syntax error, unexpected ':', expecting `end'
Started GET "/posts/new" for ::1 at 2022-09-20 17:46:50 -0300
  
SyntaxError (/home/isabelaassiscardoso/Estudos/appTeste/app/controllers/posts_controller.rb:18: syntax error, unexpected ':', expecting `end'
        else render: :new
                   ^
):
  
app/controllers/posts_controller.rb:18: syntax error, unexpected ':', expecting `end'
Started GET "/posts/new" for ::1 at 2022-09-20 17:47:38 -0300
  
SyntaxError (/home/isabelaassiscardoso/Estudos/appTeste/app/controllers/posts_controller.rb:17: syntax error, unexpected [, expecting ')'
        [:text])
        ^
/home/isabelaassiscardoso/Estudos/appTeste/app/controllers/posts_controller.rb:17: syntax error, unexpected ')', expecting `end'
        [:text])
               ^
/home/isabelaassiscardoso/Estudos/appTeste/app/controllers/posts_controller.rb:19: syntax error, unexpected ':', expecting `end'
        else render: :new
                   ^
):
  
app/controllers/posts_controller.rb:17: syntax error, unexpected [, expecting ')'
app/controllers/posts_controller.rb:17: syntax error, unexpected ')', expecting `end'
app/controllers/posts_controller.rb:19: syntax error, unexpected ':', expecting `end'
Started GET "/posts/new" for ::1 at 2022-09-20 17:47:53 -0300
  
SyntaxError (/home/isabelaassiscardoso/Estudos/appTeste/app/controllers/posts_controller.rb:18: syntax error, unexpected ':', expecting `end'
        else render: :new
                   ^
):
  
app/controllers/posts_controller.rb:18: syntax error, unexpected ':', expecting `end'
Started GET "/posts/new" for ::1 at 2022-09-20 17:48:00 -0300
  
SyntaxError (/home/isabelaassiscardoso/Estudos/appTeste/app/controllers/posts_controller.rb:19: syntax error, unexpected ':', expecting `end'
            render: :new
                  ^
):
  
app/controllers/posts_controller.rb:19: syntax error, unexpected ':', expecting `end'
Started GET "/posts/new" for ::1 at 2022-09-20 17:48:05 -0300
  
SyntaxError (/home/isabelaassiscardoso/Estudos/appTeste/app/controllers/posts_controller.rb:20: syntax error, unexpected ':', expecting `end'
            render: :new
                  ^
):
  
app/controllers/posts_controller.rb:20: syntax error, unexpected ':', expecting `end'
Started GET "/posts/new" for ::1 at 2022-09-20 17:48:59 -0300
  
SyntaxError (/home/isabelaassiscardoso/Estudos/appTeste/app/controllers/posts_controller.rb:18: syntax error, unexpected ':', expecting `end'
            redirect_to: post_path(@post)
                       ^
/home/isabelaassiscardoso/Estudos/appTeste/app/controllers/posts_controller.rb:20: syntax error, unexpected ':', expecting `end'
            render: :new
                  ^
):
  
app/controllers/posts_controller.rb:18: syntax error, unexpected ':', expecting `end'
app/controllers/posts_controller.rb:20: syntax error, unexpected ':', expecting `end'
Started GET "/posts/new" for ::1 at 2022-09-20 17:50:18 -0300
  
SyntaxError (/home/isabelaassiscardoso/Estudos/appTeste/app/controllers/posts_controller.rb:17: syntax error, unexpected [, expecting ')'
        [:text])
        ^
/home/isabelaassiscardoso/Estudos/appTeste/app/controllers/posts_controller.rb:17: syntax error, unexpected ')', expecting `end'
        [:text])
               ^
/home/isabelaassiscardoso/Estudos/appTeste/app/controllers/posts_controller.rb:19: syntax error, unexpected ':', expecting `end'
            redirect_to: post_path(@post)
                       ^
/home/isabelaassiscardoso/Estudos/appTeste/app/controllers/posts_controller.rb:21: syntax error, unexpected ':', expecting `end'
            render: :new
                  ^
):
  
app/controllers/posts_controller.rb:17: syntax error, unexpected [, expecting ')'
app/controllers/posts_controller.rb:17: syntax error, unexpected ')', expecting `end'
app/controllers/posts_controller.rb:19: syntax error, unexpected ':', expecting `end'
app/controllers/posts_controller.rb:21: syntax error, unexpected ':', expecting `end'
Started GET "/posts/new" for ::1 at 2022-09-20 17:50:24 -0300
  
SyntaxError (/home/isabelaassiscardoso/Estudos/appTeste/app/controllers/posts_controller.rb:18: syntax error, unexpected ':', expecting `end'
            redirect_to: post_path(@post)
                       ^
/home/isabelaassiscardoso/Estudos/appTeste/app/controllers/posts_controller.rb:20: syntax error, unexpected ':', expecting `end'
            render: :new
                  ^
):
  
app/controllers/posts_controller.rb:18: syntax error, unexpected ':', expecting `end'
app/controllers/posts_controller.rb:20: syntax error, unexpected ':', expecting `end'
Started GET "/posts/new" for ::1 at 2022-09-20 17:50:31 -0300
  
SyntaxError (/home/isabelaassiscardoso/Estudos/appTeste/app/controllers/posts_controller.rb:18: syntax error, unexpected ':', expecting `end'
            redirect_to: post_path(@post)
                       ^
/home/isabelaassiscardoso/Estudos/appTeste/app/controllers/posts_controller.rb:19: syntax error, unexpected ':', expecting `end'
        else render: :new
                   ^
):
  
app/controllers/posts_controller.rb:18: syntax error, unexpected ':', expecting `end'
app/controllers/posts_controller.rb:19: syntax error, unexpected ':', expecting `end'
Started GET "/posts/new" for ::1 at 2022-09-20 17:50:39 -0300
  
SyntaxError (/home/isabelaassiscardoso/Estudos/appTeste/app/controllers/posts_controller.rb:18: syntax error, unexpected ':', expecting `end'
        else render: :new
                   ^
):
  
app/controllers/posts_controller.rb:18: syntax error, unexpected ':', expecting `end'
Started GET "/posts/new" for ::1 at 2022-09-20 17:51:29 -0300
  
SyntaxError (/home/isabelaassiscardoso/Estudos/appTeste/app/controllers/posts_controller.rb:18: syntax error, unexpected ':', expecting `end'
        else render: :new
                   ^
):
  
app/controllers/posts_controller.rb:18: syntax error, unexpected ':', expecting `end'
Started GET "/posts/new" for ::1 at 2022-09-20 17:52:19 -0300
  
SyntaxError (/home/isabelaassiscardoso/Estudos/appTeste/app/controllers/posts_controller.rb:18: syntax error, unexpected ':', expecting `end'
             redirect_to: post_path(@post)
                        ^
/home/isabelaassiscardoso/Estudos/appTeste/app/controllers/posts_controller.rb:20: syntax error, unexpected ':', expecting `end'
            render: :new
                  ^
):
  
app/controllers/posts_controller.rb:18: syntax error, unexpected ':', expecting `end'
app/controllers/posts_controller.rb:20: syntax error, unexpected ':', expecting `end'
Started GET "/posts/new" for ::1 at 2022-09-20 17:56:44 -0300
  
SyntaxError (/home/isabelaassiscardoso/Estudos/appTeste/app/controllers/posts_controller.rb:18: syntax error, unexpected ':', expecting `end'
             redirect_to: post_path(@post)
                        ^
/home/isabelaassiscardoso/Estudos/appTeste/app/controllers/posts_controller.rb:20: syntax error, unexpected ':', expecting `end'
            render: :new
                  ^
):
  
app/controllers/posts_controller.rb:18: syntax error, unexpected ':', expecting `end'
app/controllers/posts_controller.rb:20: syntax error, unexpected ':', expecting `end'
Started GET "/posts/new" for ::1 at 2022-09-20 17:57:18 -0300
Processing by PostsController#show as HTML
  Parameters: {"id"=>"new"}
  [1m[36mPost Load (0.1ms)[0m  [1m[34mSELECT  "posts".* FROM "posts" WHERE "posts"."id" = ? LIMIT ?[0m  [["id", 0], ["LIMIT", 1]]
  ↳ app/controllers/posts_controller.rb:8
Completed 404 Not Found in 3ms (ActiveRecord: 0.4ms)


  
ActiveRecord::RecordNotFound (Couldn't find Post with 'id'=new):
  
app/controllers/posts_controller.rb:8:in `show'
Started GET "/posts/new" for ::1 at 2022-09-20 17:58:31 -0300
  
SyntaxError (/home/isabelaassiscardoso/Estudos/appTeste/app/controllers/posts_controller.rb:20: syntax error, unexpected ':', expecting `end'
            render: :new
                  ^
):
  
app/controllers/posts_controller.rb:20: syntax error, unexpected ':', expecting `end'
Started GET "/posts/new" for ::1 at 2022-09-20 17:58:40 -0300
Processing by PostsController#show as HTML
  Parameters: {"id"=>"new"}
  [1m[36mPost Load (0.1ms)[0m  [1m[34mSELECT  "posts".* FROM "posts" WHERE "posts"."id" = ? LIMIT ?[0m  [["id", 0], ["LIMIT", 1]]
  ↳ app/controllers/posts_controller.rb:8
Completed 404 Not Found in 3ms (ActiveRecord: 0.6ms)


  
ActiveRecord::RecordNotFound (Couldn't find Post with 'id'=new):
  
app/controllers/posts_controller.rb:8:in `show'
Started GET "/posts/new" for ::1 at 2022-09-20 17:59:35 -0300
Processing by PostsController#show as HTML
  Parameters: {"id"=>"new"}
  [1m[36mPost Load (0.1ms)[0m  [1m[34mSELECT  "posts".* FROM "posts" WHERE "posts"."id" = ? LIMIT ?[0m  [["id", 0], ["LIMIT", 1]]
  ↳ app/controllers/posts_controller.rb:8
Completed 404 Not Found in 1ms (ActiveRecord: 0.1ms)


  
ActiveRecord::RecordNotFound (Couldn't find Post with 'id'=new):
  
app/controllers/posts_controller.rb:8:in `show'
Started GET "/posts/new" for ::1 at 2022-09-20 18:01:11 -0300
Processing by PostsController#show as HTML
  Parameters: {"id"=>"new"}
  [1m[36mPost Load (0.1ms)[0m  [1m[34mSELECT  "posts".* FROM "posts" WHERE "posts"."id" = ? LIMIT ?[0m  [["id", 0], ["LIMIT", 1]]
  ↳ app/controllers/posts_controller.rb:8
Completed 404 Not Found in 1ms (ActiveRecord: 0.1ms)


  
ActiveRecord::RecordNotFound (Couldn't find Post with 'id'=new):
  
app/controllers/posts_controller.rb:8:in `show'
Started GET "/" for ::1 at 2022-09-20 18:04:27 -0300
Processing by Rails::WelcomeController#index as HTML
  Rendering /var/lib/gems/2.7.0/gems/railties-5.2.8.1/lib/rails/templates/rails/welcome/index.html.erb
  Rendered /var/lib/gems/2.7.0/gems/railties-5.2.8.1/lib/rails/templates/rails/welcome/index.html.erb (1.5ms)
Completed 200 OK in 3ms (Views: 2.2ms | ActiveRecord: 0.0ms)


Started GET "/posts" for ::1 at 2022-09-20 18:04:39 -0300
Processing by PostsController#index as HTML
  Rendering posts/index.html.erb within layouts/application
  [1m[36mPost Load (0.2ms)[0m  [1m[34mSELECT "posts".* FROM "posts"[0m
  ↳ app/views/posts/index.html.erb:12
  Rendered posts/index.html.erb within layouts/application (3.9ms)
Completed 200 OK in 12ms (Views: 10.9ms | ActiveRecord: 0.2ms)


Started GET "/posts/new" for ::1 at 2022-09-20 18:04:43 -0300
Processing by PostsController#show as HTML
  Parameters: {"id"=>"new"}
  [1m[36mPost Load (0.1ms)[0m  [1m[34mSELECT  "posts".* FROM "posts" WHERE "posts"."id" = ? LIMIT ?[0m  [["id", 0], ["LIMIT", 1]]
  ↳ app/controllers/posts_controller.rb:8
Completed 404 Not Found in 1ms (ActiveRecord: 0.1ms)


  
ActiveRecord::RecordNotFound (Couldn't find Post with 'id'=new):
  
app/controllers/posts_controller.rb:8:in `show'
Started GET "/posts" for ::1 at 2022-09-20 18:04:45 -0300
Processing by PostsController#index as HTML
  Rendering posts/index.html.erb within layouts/application
  [1m[36mPost Load (0.1ms)[0m  [1m[34mSELECT "posts".* FROM "posts"[0m
  ↳ app/views/posts/index.html.erb:12
  Rendered posts/index.html.erb within layouts/application (1.0ms)
Completed 200 OK in 9ms (Views: 8.3ms | ActiveRecord: 0.1ms)


Started GET "/posts/2" for ::1 at 2022-09-20 18:04:48 -0300
Processing by PostsController#show as HTML
  Parameters: {"id"=>"2"}
  [1m[36mPost Load (0.1ms)[0m  [1m[34mSELECT  "posts".* FROM "posts" WHERE "posts"."id" = ? LIMIT ?[0m  [["id", 2], ["LIMIT", 1]]
  ↳ app/controllers/posts_controller.rb:8
  Rendering posts/show.html.erb within layouts/application
  Rendered posts/show.html.erb within layouts/application (0.5ms)
Completed 200 OK in 10ms (Views: 8.7ms | ActiveRecord: 0.1ms)


Started GET "/posts" for ::1 at 2022-09-20 18:04:49 -0300
Processing by PostsController#index as HTML
  Rendering posts/index.html.erb within layouts/application
  [1m[36mPost Load (0.1ms)[0m  [1m[34mSELECT "posts".* FROM "posts"[0m
  ↳ app/views/posts/index.html.erb:12
  Rendered posts/index.html.erb within layouts/application (1.2ms)
Completed 200 OK in 10ms (Views: 9.7ms | ActiveRecord: 0.1ms)


Started GET "/posts" for ::1 at 2022-09-20 18:06:18 -0300
Processing by PostsController#index as HTML
  Rendering posts/index.html.erb within layouts/application
  [1m[36mPost Load (0.1ms)[0m  [1m[34mSELECT "posts".* FROM "posts"[0m
  ↳ app/views/posts/index.html.erb:12
  Rendered posts/index.html.erb within layouts/application (0.8ms)
Completed 200 OK in 8ms (Views: 7.5ms | ActiveRecord: 0.1ms)


Started GET "/posts/new" for ::1 at 2022-09-20 18:06:21 -0300
Processing by PostsController#show as HTML
  Parameters: {"id"=>"new"}
  [1m[36mPost Load (0.1ms)[0m  [1m[34mSELECT  "posts".* FROM "posts" WHERE "posts"."id" = ? LIMIT ?[0m  [["id", 0], ["LIMIT", 1]]
  ↳ app/controllers/posts_controller.rb:8
Completed 404 Not Found in 1ms (ActiveRecord: 0.1ms)


  
ActiveRecord::RecordNotFound (Couldn't find Post with 'id'=new):
  
app/controllers/posts_controller.rb:8:in `show'
Started GET "/posts" for ::1 at 2022-09-20 18:06:57 -0300
Processing by PostsController#index as HTML
  Rendering posts/index.html.erb within layouts/application
  [1m[36mPost Load (0.1ms)[0m  [1m[34mSELECT "posts".* FROM "posts"[0m
  ↳ app/views/posts/index.html.erb:12
  Rendered posts/index.html.erb within layouts/application (1.0ms)
Completed 200 OK in 11ms (Views: 9.9ms | ActiveRecord: 0.1ms)


Started GET "/posts/new" for ::1 at 2022-09-20 18:09:04 -0300
Processing by PostsController#show as HTML
  Parameters: {"id"=>"new"}
  [1m[36mPost Load (0.1ms)[0m  [1m[34mSELECT  "posts".* FROM "posts" WHERE "posts"."id" = ? LIMIT ?[0m  [["id", 0], ["LIMIT", 1]]
  ↳ app/controllers/posts_controller.rb:8
Completed 404 Not Found in 3ms (ActiveRecord: 0.4ms)


  
ActiveRecord::RecordNotFound (Couldn't find Post with 'id'=new):
  
app/controllers/posts_controller.rb:8:in `show'
Started GET "/posts/new" for ::1 at 2022-09-20 18:10:41 -0300
Processing by PostsController#show as HTML
  Parameters: {"id"=>"new"}
  [1m[36mPost Load (0.1ms)[0m  [1m[34mSELECT  "posts".* FROM "posts" WHERE "posts"."id" = ? LIMIT ?[0m  [["id", 0], ["LIMIT", 1]]
  ↳ app/controllers/posts_controller.rb:8
Completed 404 Not Found in 1ms (ActiveRecord: 0.1ms)


  
ActiveRecord::RecordNotFound (Couldn't find Post with 'id'=new):
  
app/controllers/posts_controller.rb:8:in `show'
Started GET "/posts/new" for ::1 at 2022-09-20 18:10:43 -0300
Processing by PostsController#show as HTML
  Parameters: {"id"=>"new"}
  [1m[36mPost Load (0.1ms)[0m  [1m[34mSELECT  "posts".* FROM "posts" WHERE "posts"."id" = ? LIMIT ?[0m  [["id", 0], ["LIMIT", 1]]
  ↳ app/controllers/posts_controller.rb:8
Completed 404 Not Found in 1ms (ActiveRecord: 0.1ms)


  
ActiveRecord::RecordNotFound (Couldn't find Post with 'id'=new):
  
app/controllers/posts_controller.rb:8:in `show'
Started GET "/posts" for ::1 at 2022-09-20 18:11:40 -0300
Processing by PostsController#index as HTML
  Rendering posts/index.html.erb within layouts/application
  [1m[36mPost Load (0.1ms)[0m  [1m[34mSELECT "posts".* FROM "posts"[0m
  ↳ app/views/posts/index.html.erb:12
  Rendered posts/index.html.erb within layouts/application (4.9ms)
Completed 200 OK in 17ms (Views: 16.1ms | ActiveRecord: 0.1ms)


Started GET "/posts/1" for ::1 at 2022-09-20 18:11:41 -0300
Processing by PostsController#show as HTML
  Parameters: {"id"=>"1"}
  [1m[36mPost Load (0.1ms)[0m  [1m[34mSELECT  "posts".* FROM "posts" WHERE "posts"."id" = ? LIMIT ?[0m  [["id", 1], ["LIMIT", 1]]
  ↳ app/controllers/posts_controller.rb:8
  Rendering posts/show.html.erb within layouts/application
  Rendered posts/show.html.erb within layouts/application (0.6ms)
Completed 200 OK in 11ms (Views: 9.4ms | ActiveRecord: 0.1ms)


Started GET "/posts" for ::1 at 2022-09-20 18:14:20 -0300
  
SyntaxError (/home/isabelaassiscardoso/Estudos/appTeste/app/controllers/posts_controller.rb:48: syntax error, unexpected `end', expecting end-of-input):
  
app/controllers/posts_controller.rb:48: syntax error, unexpected `end', expecting end-of-input
Started GET "/posts" for ::1 at 2022-09-20 18:14:38 -0300
  
SyntaxError (/home/isabelaassiscardoso/Estudos/appTeste/app/controllers/posts_controller.rb:46: syntax error, unexpected `end', expecting end-of-input):
  
app/controllers/posts_controller.rb:46: syntax error, unexpected `end', expecting end-of-input
Started GET "/posts" for ::1 at 2022-09-20 18:14:43 -0300
  
SyntaxError (/home/isabelaassiscardoso/Estudos/appTeste/app/controllers/posts_controller.rb:45: syntax error, unexpected `end', expecting end-of-input):
  
app/controllers/posts_controller.rb:45: syntax error, unexpected `end', expecting end-of-input
Started GET "/posts" for ::1 at 2022-09-20 18:15:02 -0300
  
SyntaxError (/home/isabelaassiscardoso/Estudos/appTeste/app/controllers/posts_controller.rb:45: syntax error, unexpected `end', expecting end-of-input):
  
app/controllers/posts_controller.rb:45: syntax error, unexpected `end', expecting end-of-input
Started GET "/posts" for ::1 at 2022-09-20 18:15:16 -0300
Processing by PostsController#index as HTML
  Rendering posts/index.html.erb within layouts/application
  [1m[36mPost Load (0.1ms)[0m  [1m[34mSELECT "posts".* FROM "posts"[0m
  ↳ app/views/posts/index.html.erb:12
  Rendered posts/index.html.erb within layouts/application (4.0ms)
Completed 200 OK in 13ms (Views: 11.5ms | ActiveRecord: 0.4ms)


Started DELETE "/posts/1" for ::1 at 2022-09-20 18:15:19 -0300
Processing by PostsController#destroy as HTML
  Parameters: {"authenticity_token"=>"lrWFcJHzGEJSlqOw0OlGSF8gaoCotdgw902Y0dUrfI5lCawX3QCj+PPKVzctc4KM1PzSDNNAfH7ZsdAFYJytvg==", "id"=>"1"}
  [1m[36mPost Load (0.1ms)[0m  [1m[34mSELECT  "posts".* FROM "posts" WHERE "posts"."id" = ? LIMIT ?[0m  [["id", 1], ["LIMIT", 1]]
  ↳ app/controllers/posts_controller.rb:39
  [1m[35m (0.0ms)[0m  [1m[36mbegin transaction[0m
  ↳ app/controllers/posts_controller.rb:40
  [1m[36mPost Destroy (0.1ms)[0m  [1m[31mDELETE FROM "posts" WHERE "posts"."id" = ?[0m  [["id", 1]]
  ↳ app/controllers/posts_controller.rb:40
  [1m[35m (3.0ms)[0m  [1m[36mcommit transaction[0m
  ↳ app/controllers/posts_controller.rb:40
Redirected to http://localhost:3000/posts
Completed 302 Found in 6ms (ActiveRecord: 3.3ms)


Started GET "/posts" for ::1 at 2022-09-20 18:15:19 -0300
Processing by PostsController#index as HTML
  Rendering posts/index.html.erb within layouts/application
  [1m[36mPost Load (0.1ms)[0m  [1m[34mSELECT "posts".* FROM "posts"[0m
  ↳ app/views/posts/index.html.erb:12
  Rendered posts/index.html.erb within layouts/application (1.2ms)
Completed 200 OK in 9ms (Views: 7.9ms | ActiveRecord: 0.1ms)


Started GET "/posts/2/edit" for ::1 at 2022-09-20 18:15:23 -0300
Processing by PostsController#edit as HTML
  Parameters: {"id"=>"2"}
  [1m[36mPost Load (0.1ms)[0m  [1m[34mSELECT  "posts".* FROM "posts" WHERE "posts"."id" = ? LIMIT ?[0m  [["id", 2], ["LIMIT", 1]]
  ↳ app/controllers/posts_controller.rb:25
  Rendering posts/edit.html.erb within layouts/application
  Rendered posts/edit.html.erb within layouts/application (30.6ms)
Completed 200 OK in 39ms (Views: 38.0ms | ActiveRecord: 0.1ms)


Started GET "/posts/new" for ::1 at 2022-09-20 18:15:28 -0300
Processing by PostsController#show as HTML
  Parameters: {"id"=>"new"}
  [1m[36mPost Load (0.1ms)[0m  [1m[34mSELECT  "posts".* FROM "posts" WHERE "posts"."id" = ? LIMIT ?[0m  [["id", 0], ["LIMIT", 1]]
  ↳ app/controllers/posts_controller.rb:8
Completed 404 Not Found in 1ms (ActiveRecord: 0.1ms)


  
ActiveRecord::RecordNotFound (Couldn't find Post with 'id'=new):
  
app/controllers/posts_controller.rb:8:in `show'
Started GET "/posts" for ::1 at 2022-09-20 18:15:29 -0300
Processing by PostsController#index as HTML
  Rendering posts/index.html.erb within layouts/application
  [1m[36mPost Load (0.1ms)[0m  [1m[34mSELECT "posts".* FROM "posts"[0m
  ↳ app/views/posts/index.html.erb:12
  Rendered posts/index.html.erb within layouts/application (1.4ms)
Completed 200 OK in 11ms (Views: 10.0ms | ActiveRecord: 0.1ms)


Started GET "/posts" for ::1 at 2022-09-20 18:20:15 -0300
Processing by PostsController#index as HTML
  Rendering posts/index.html.erb within layouts/application
  [1m[36mPost Load (0.1ms)[0m  [1m[34mSELECT "posts".* FROM "posts"[0m
  ↳ app/views/posts/index.html.erb:12
  Rendered posts/index.html.erb within layouts/application (3.9ms)
Completed 200 OK in 12ms (Views: 10.5ms | ActiveRecord: 0.4ms)


Started GET "/posts/new" for ::1 at 2022-09-20 18:20:17 -0300
Processing by PostsController#show as HTML
  Parameters: {"id"=>"new"}
  [1m[36mPost Load (0.2ms)[0m  [1m[34mSELECT  "posts".* FROM "posts" WHERE "posts"."id" = ? LIMIT ?[0m  [["id", 0], ["LIMIT", 1]]
  ↳ app/controllers/posts_controller.rb:44
Completed 404 Not Found in 2ms (ActiveRecord: 0.2ms)


  
ActiveRecord::RecordNotFound (Couldn't find Post with 'id'=new):
  
app/controllers/posts_controller.rb:44:in `set_post'
Started GET "/posts" for ::1 at 2022-09-20 18:20:19 -0300
Processing by PostsController#index as HTML
  Rendering posts/index.html.erb within layouts/application
  [1m[36mPost Load (0.1ms)[0m  [1m[34mSELECT "posts".* FROM "posts"[0m
  ↳ app/views/posts/index.html.erb:12
  Rendered posts/index.html.erb within layouts/application (1.6ms)
Completed 200 OK in 10ms (Views: 9.6ms | ActiveRecord: 0.1ms)


Started GET "/posts/new" for ::1 at 2022-09-20 18:21:25 -0300
Processing by PostsController#show as HTML
  Parameters: {"id"=>"new"}
  [1m[36mPost Load (0.1ms)[0m  [1m[34mSELECT  "posts".* FROM "posts" WHERE "posts"."id" = ? LIMIT ?[0m  [["id", 0], ["LIMIT", 1]]
  ↳ app/controllers/posts_controller.rb:44
Completed 404 Not Found in 1ms (ActiveRecord: 0.1ms)


  
ActiveRecord::RecordNotFound (Couldn't find Post with 'id'=new):
  
app/controllers/posts_controller.rb:44:in `set_post'
Started GET "/posts/new" for ::1 at 2022-09-20 18:23:29 -0300
Processing by PostsController#show as HTML
  Parameters: {"id"=>"new"}
  [1m[36mPost Load (0.1ms)[0m  [1m[34mSELECT  "posts".* FROM "posts" WHERE "posts"."id" = ? LIMIT ?[0m  [["id", 0], ["LIMIT", 1]]
  ↳ app/controllers/posts_controller.rb:44
Completed 404 Not Found in 1ms (ActiveRecord: 0.1ms)


  
ActiveRecord::RecordNotFound (Couldn't find Post with 'id'=new):
  
app/controllers/posts_controller.rb:44:in `set_post'
Started GET "/posts/new" for ::1 at 2022-09-20 18:23:32 -0300
Processing by PostsController#show as HTML
  Parameters: {"id"=>"new"}
  [1m[36mPost Load (0.1ms)[0m  [1m[34mSELECT  "posts".* FROM "posts" WHERE "posts"."id" = ? LIMIT ?[0m  [["id", 0], ["LIMIT", 1]]
  ↳ app/controllers/posts_controller.rb:44
Completed 404 Not Found in 1ms (ActiveRecord: 0.1ms)


  
ActiveRecord::RecordNotFound (Couldn't find Post with 'id'=new):
  
app/controllers/posts_controller.rb:44:in `set_post'
Started GET "/posts/new" for ::1 at 2022-09-20 18:25:46 -0300
Processing by PostsController#show as HTML
  Parameters: {"id"=>"new"}
  [1m[36mPost Load (0.1ms)[0m  [1m[34mSELECT  "posts".* FROM "posts" WHERE "posts"."id" = ? LIMIT ?[0m  [["id", 0], ["LIMIT", 1]]
  ↳ app/controllers/posts_controller.rb:44
Completed 404 Not Found in 3ms (ActiveRecord: 0.5ms)


  
ActiveRecord::RecordNotFound (Couldn't find Post with 'id'=new):
  
app/controllers/posts_controller.rb:44:in `set_post'
Started GET "/posts/new" for ::1 at 2022-09-20 18:25:48 -0300
Processing by PostsController#show as HTML
  Parameters: {"id"=>"new"}
  [1m[36mPost Load (0.1ms)[0m  [1m[34mSELECT  "posts".* FROM "posts" WHERE "posts"."id" = ? LIMIT ?[0m  [["id", 0], ["LIMIT", 1]]
  ↳ app/controllers/posts_controller.rb:44
Completed 404 Not Found in 1ms (ActiveRecord: 0.1ms)


  
ActiveRecord::RecordNotFound (Couldn't find Post with 'id'=new):
  
app/controllers/posts_controller.rb:44:in `set_post'
Started GET "/posts/new" for ::1 at 2022-09-20 18:26:28 -0300
Processing by PostsController#show as HTML
  Parameters: {"id"=>"new"}
  [1m[36mPost Load (0.1ms)[0m  [1m[34mSELECT  "posts".* FROM "posts" WHERE "posts"."id" = ? LIMIT ?[0m  [["id", 0], ["LIMIT", 1]]
  ↳ app/controllers/posts_controller.rb:44
Completed 404 Not Found in 1ms (ActiveRecord: 0.1ms)


  
ActiveRecord::RecordNotFound (Couldn't find Post with 'id'=new):
  
app/controllers/posts_controller.rb:44:in `set_post'
Started GET "/posts" for ::1 at 2022-09-20 18:27:39 -0300
Processing by PostsController#index as HTML
  Rendering posts/index.html.erb within layouts/application
  [1m[36mPost Load (0.1ms)[0m  [1m[34mSELECT "posts".* FROM "posts"[0m
  ↳ app/views/posts/index.html.erb:12
  Rendered posts/index.html.erb within layouts/application (3.7ms)
Completed 200 OK in 12ms (Views: 10.8ms | ActiveRecord: 0.1ms)


Started GET "/posts/new" for ::1 at 2022-09-20 18:27:40 -0300
Processing by PostsController#show as HTML
  Parameters: {"id"=>"new"}
  [1m[36mPost Load (0.1ms)[0m  [1m[34mSELECT  "posts".* FROM "posts" WHERE "posts"."id" = ? LIMIT ?[0m  [["id", 0], ["LIMIT", 1]]
  ↳ app/controllers/posts_controller.rb:44
Completed 404 Not Found in 1ms (ActiveRecord: 0.1ms)


  
ActiveRecord::RecordNotFound (Couldn't find Post with 'id'=new):
  
app/controllers/posts_controller.rb:44:in `set_post'
Started GET "/posts" for ::1 at 2022-09-20 18:27:41 -0300
Processing by PostsController#index as HTML
  Rendering posts/index.html.erb within layouts/application
  [1m[36mPost Load (0.1ms)[0m  [1m[34mSELECT "posts".* FROM "posts"[0m
  ↳ app/views/posts/index.html.erb:12
  Rendered posts/index.html.erb within layouts/application (1.2ms)
Completed 200 OK in 12ms (Views: 10.7ms | ActiveRecord: 0.1ms)


Started GET "/posts/2" for ::1 at 2022-09-20 18:27:43 -0300
Processing by PostsController#show as HTML
  Parameters: {"id"=>"2"}
  [1m[36mPost Load (0.1ms)[0m  [1m[34mSELECT  "posts".* FROM "posts" WHERE "posts"."id" = ? LIMIT ?[0m  [["id", 2], ["LIMIT", 1]]
  ↳ app/controllers/posts_controller.rb:44
  Rendering posts/show.html.erb within layouts/application
  Rendered posts/show.html.erb within layouts/application (0.5ms)
Completed 200 OK in 13ms (Views: 11.9ms | ActiveRecord: 0.1ms)


Started GET "/posts/2/edit" for ::1 at 2022-09-20 18:27:45 -0300
Processing by PostsController#edit as HTML
  Parameters: {"id"=>"2"}
  [1m[36mPost Load (0.1ms)[0m  [1m[34mSELECT  "posts".* FROM "posts" WHERE "posts"."id" = ? LIMIT ?[0m  [["id", 2], ["LIMIT", 1]]
  ↳ app/controllers/posts_controller.rb:44
  Rendering posts/edit.html.erb within layouts/application
  Rendered posts/edit.html.erb within layouts/application (2.6ms)
Completed 200 OK in 11ms (Views: 9.6ms | ActiveRecord: 0.1ms)


Started PATCH "/posts/2" for ::1 at 2022-09-20 18:27:53 -0300
  
AbstractController::ActionNotFound (The action 'update' could not be found for PostsController):
  
actionpack (5.2.8.1) lib/abstract_controller/base.rb:129:in `process'
actionview (5.2.8.1) lib/action_view/rendering.rb:32:in `process'
actionpack (5.2.8.1) lib/action_controller/metal.rb:191:in `dispatch'
actionpack (5.2.8.1) lib/action_controller/metal.rb:252:in `dispatch'
actionpack (5.2.8.1) lib/action_dispatch/routing/route_set.rb:52:in `dispatch'
actionpack (5.2.8.1) lib/action_dispatch/routing/route_set.rb:34:in `serve'
actionpack (5.2.8.1) lib/action_dispatch/journey/router.rb:52:in `block in serve'
actionpack (5.2.8.1) lib/action_dispatch/journey/router.rb:35:in `each'
actionpack (5.2.8.1) lib/action_dispatch/journey/router.rb:35:in `serve'
actionpack (5.2.8.1) lib/action_dispatch/routing/route_set.rb:840:in `call'
rack (2.2.4) lib/rack/tempfile_reaper.rb:15:in `call'
rack (2.2.4) lib/rack/etag.rb:27:in `call'
rack (2.2.4) lib/rack/conditional_get.rb:40:in `call'
rack (2.2.4) lib/rack/head.rb:12:in `call'
actionpack (5.2.8.1) lib/action_dispatch/http/content_security_policy.rb:18:in `call'
rack (2.2.4) lib/rack/session/abstract/id.rb:266:in `context'
rack (2.2.4) lib/rack/session/abstract/id.rb:260:in `call'
actionpack (5.2.8.1) lib/action_dispatch/middleware/cookies.rb:670:in `call'
activerecord (5.2.8.1) lib/active_record/migration.rb:559:in `call'
actionpack (5.2.8.1) lib/action_dispatch/middleware/callbacks.rb:28:in `block in call'
activesupport (5.2.8.1) lib/active_support/callbacks.rb:98:in `run_callbacks'
actionpack (5.2.8.1) lib/action_dispatch/middleware/callbacks.rb:26:in `call'
actionpack (5.2.8.1) lib/action_dispatch/middleware/executor.rb:14:in `call'
actionpack (5.2.8.1) lib/action_dispatch/middleware/debug_exceptions.rb:61:in `call'
web-console (3.7.0) lib/web_console/middleware.rb:135:in `call_app'
web-console (3.7.0) lib/web_console/middleware.rb:30:in `block in call'
web-console (3.7.0) lib/web_console/middleware.rb:20:in `catch'
web-console (3.7.0) lib/web_console/middleware.rb:20:in `call'
actionpack (5.2.8.1) lib/action_dispatch/middleware/show_exceptions.rb:33:in `call'
railties (5.2.8.1) lib/rails/rack/logger.rb:38:in `call_app'
railties (5.2.8.1) lib/rails/rack/logger.rb:26:in `block in call'
activesupport (5.2.8.1) lib/active_support/tagged_logging.rb:71:in `block in tagged'
activesupport (5.2.8.1) lib/active_support/tagged_logging.rb:28:in `tagged'
activesupport (5.2.8.1) lib/active_support/tagged_logging.rb:71:in `tagged'
railties (5.2.8.1) lib/rails/rack/logger.rb:26:in `call'
sprockets-rails (3.4.2) lib/sprockets/rails/quiet_assets.rb:13:in `call'
actionpack (5.2.8.1) lib/action_dispatch/middleware/remote_ip.rb:81:in `call'
actionpack (5.2.8.1) lib/action_dispatch/middleware/request_id.rb:27:in `call'
rack (2.2.4) lib/rack/method_override.rb:24:in `call'
rack (2.2.4) lib/rack/runtime.rb:22:in `call'
activesupport (5.2.8.1) lib/active_support/cache/strategy/local_cache_middleware.rb:29:in `call'
actionpack (5.2.8.1) lib/action_dispatch/middleware/executor.rb:14:in `call'
actionpack (5.2.8.1) lib/action_dispatch/middleware/static.rb:127:in `call'
rack (2.2.4) lib/rack/sendfile.rb:110:in `call'
railties (5.2.8.1) lib/rails/engine.rb:524:in `call'
puma (3.12.6) lib/puma/configuration.rb:227:in `call'
puma (3.12.6) lib/puma/server.rb:706:in `handle_request'
puma (3.12.6) lib/puma/server.rb:476:in `process_client'
puma (3.12.6) lib/puma/server.rb:334:in `block in run'
puma (3.12.6) lib/puma/thread_pool.rb:135:in `block in spawn_thread'
Started PATCH "/posts/2" for ::1 at 2022-09-20 18:28:19 -0300
  
AbstractController::ActionNotFound (The action 'update' could not be found for PostsController):
  
actionpack (5.2.8.1) lib/abstract_controller/base.rb:129:in `process'
actionview (5.2.8.1) lib/action_view/rendering.rb:32:in `process'
actionpack (5.2.8.1) lib/action_controller/metal.rb:191:in `dispatch'
actionpack (5.2.8.1) lib/action_controller/metal.rb:252:in `dispatch'
actionpack (5.2.8.1) lib/action_dispatch/routing/route_set.rb:52:in `dispatch'
actionpack (5.2.8.1) lib/action_dispatch/routing/route_set.rb:34:in `serve'
actionpack (5.2.8.1) lib/action_dispatch/journey/router.rb:52:in `block in serve'
actionpack (5.2.8.1) lib/action_dispatch/journey/router.rb:35:in `each'
actionpack (5.2.8.1) lib/action_dispatch/journey/router.rb:35:in `serve'
actionpack (5.2.8.1) lib/action_dispatch/routing/route_set.rb:840:in `call'
rack (2.2.4) lib/rack/tempfile_reaper.rb:15:in `call'
rack (2.2.4) lib/rack/etag.rb:27:in `call'
rack (2.2.4) lib/rack/conditional_get.rb:40:in `call'
rack (2.2.4) lib/rack/head.rb:12:in `call'
actionpack (5.2.8.1) lib/action_dispatch/http/content_security_policy.rb:18:in `call'
rack (2.2.4) lib/rack/session/abstract/id.rb:266:in `context'
rack (2.2.4) lib/rack/session/abstract/id.rb:260:in `call'
actionpack (5.2.8.1) lib/action_dispatch/middleware/cookies.rb:670:in `call'
activerecord (5.2.8.1) lib/active_record/migration.rb:559:in `call'
actionpack (5.2.8.1) lib/action_dispatch/middleware/callbacks.rb:28:in `block in call'
activesupport (5.2.8.1) lib/active_support/callbacks.rb:98:in `run_callbacks'
actionpack (5.2.8.1) lib/action_dispatch/middleware/callbacks.rb:26:in `call'
actionpack (5.2.8.1) lib/action_dispatch/middleware/executor.rb:14:in `call'
actionpack (5.2.8.1) lib/action_dispatch/middleware/debug_exceptions.rb:61:in `call'
web-console (3.7.0) lib/web_console/middleware.rb:135:in `call_app'
web-console (3.7.0) lib/web_console/middleware.rb:30:in `block in call'
web-console (3.7.0) lib/web_console/middleware.rb:20:in `catch'
web-console (3.7.0) lib/web_console/middleware.rb:20:in `call'
actionpack (5.2.8.1) lib/action_dispatch/middleware/show_exceptions.rb:33:in `call'
railties (5.2.8.1) lib/rails/rack/logger.rb:38:in `call_app'
railties (5.2.8.1) lib/rails/rack/logger.rb:26:in `block in call'
activesupport (5.2.8.1) lib/active_support/tagged_logging.rb:71:in `block in tagged'
activesupport (5.2.8.1) lib/active_support/tagged_logging.rb:28:in `tagged'
activesupport (5.2.8.1) lib/active_support/tagged_logging.rb:71:in `tagged'
railties (5.2.8.1) lib/rails/rack/logger.rb:26:in `call'
sprockets-rails (3.4.2) lib/sprockets/rails/quiet_assets.rb:13:in `call'
actionpack (5.2.8.1) lib/action_dispatch/middleware/remote_ip.rb:81:in `call'
actionpack (5.2.8.1) lib/action_dispatch/middleware/request_id.rb:27:in `call'
rack (2.2.4) lib/rack/method_override.rb:24:in `call'
rack (2.2.4) lib/rack/runtime.rb:22:in `call'
activesupport (5.2.8.1) lib/active_support/cache/strategy/local_cache_middleware.rb:29:in `call'
actionpack (5.2.8.1) lib/action_dispatch/middleware/executor.rb:14:in `call'
actionpack (5.2.8.1) lib/action_dispatch/middleware/static.rb:127:in `call'
rack (2.2.4) lib/rack/sendfile.rb:110:in `call'
railties (5.2.8.1) lib/rails/engine.rb:524:in `call'
puma (3.12.6) lib/puma/configuration.rb:227:in `call'
puma (3.12.6) lib/puma/server.rb:706:in `handle_request'
puma (3.12.6) lib/puma/server.rb:476:in `process_client'
puma (3.12.6) lib/puma/server.rb:334:in `block in run'
puma (3.12.6) lib/puma/thread_pool.rb:135:in `block in spawn_thread'
Started PATCH "/posts/2" for ::1 at 2022-09-20 18:28:58 -0300
Processing by PostsController#update as HTML
  Parameters: {"utf8"=>"✓", "authenticity_token"=>"xOCKskh3KiKPyvITUeyomMeyoEsK6S2nVS1PwcKvsI43XKPVBISRmC6WBpSsdmxcTG4Yx3Eciel70QcVdxhhvg==", "post"=>{"title"=>"oioio", "text"=>"texto texto texto"}, "commit"=>"Update Post", "id"=>"2"}
  [1m[36mPost Load (0.1ms)[0m  [1m[34mSELECT  "posts".* FROM "posts" WHERE "posts"."id" = ? LIMIT ?[0m  [["id", 2], ["LIMIT", 1]]
  ↳ app/controllers/posts_controller.rb:44
  [1m[35m (0.0ms)[0m  [1m[36mbegin transaction[0m
  ↳ app/controllers/posts_controller.rb:28
  [1m[36mPost Update (0.2ms)[0m  [1m[33mUPDATE "posts" SET "title" = ?, "updated_at" = ? WHERE "posts"."id" = ?[0m  [["title", "oioio"], ["updated_at", "2022-09-20 21:28:58.234158"], ["id", 2]]
  ↳ app/controllers/posts_controller.rb:28
  [1m[35m (2.7ms)[0m  [1m[36mcommit transaction[0m
  ↳ app/controllers/posts_controller.rb:28
Redirected to http://localhost:3000/posts/2
Completed 302 Found in 10ms (ActiveRecord: 3.3ms)


Started GET "/posts/2" for ::1 at 2022-09-20 18:28:58 -0300
Processing by PostsController#show as HTML
  Parameters: {"id"=>"2"}
  [1m[36mPost Load (0.1ms)[0m  [1m[34mSELECT  "posts".* FROM "posts" WHERE "posts"."id" = ? LIMIT ?[0m  [["id", 2], ["LIMIT", 1]]
  ↳ app/controllers/posts_controller.rb:44
  Rendering posts/show.html.erb within layouts/application
  Rendered posts/show.html.erb within layouts/application (0.5ms)
Completed 200 OK in 8ms (Views: 7.4ms | ActiveRecord: 0.1ms)


Started GET "/posts" for ::1 at 2022-09-20 18:29:02 -0300
Processing by PostsController#index as HTML
  Rendering posts/index.html.erb within layouts/application
  [1m[36mPost Load (0.1ms)[0m  [1m[34mSELECT "posts".* FROM "posts"[0m
  ↳ app/views/posts/index.html.erb:12
  Rendered posts/index.html.erb within layouts/application (1.7ms)
Completed 200 OK in 11ms (Views: 10.2ms | ActiveRecord: 0.1ms)


Started GET "/posts/new" for ::1 at 2022-09-20 18:29:05 -0300
Processing by PostsController#show as HTML
  Parameters: {"id"=>"new"}
  [1m[36mPost Load (0.1ms)[0m  [1m[34mSELECT  "posts".* FROM "posts" WHERE "posts"."id" = ? LIMIT ?[0m  [["id", 0], ["LIMIT", 1]]
  ↳ app/controllers/posts_controller.rb:44
Completed 404 Not Found in 1ms (ActiveRecord: 0.1ms)


  
ActiveRecord::RecordNotFound (Couldn't find Post with 'id'=new):
  
app/controllers/posts_controller.rb:44:in `set_post'
Started GET "/posts" for ::1 at 2022-09-20 18:30:11 -0300
Processing by PostsController#index as HTML
  Rendering posts/index.html.erb within layouts/application
  [1m[36mPost Load (0.1ms)[0m  [1m[34mSELECT "posts".* FROM "posts"[0m
  ↳ app/views/posts/index.html.erb:12
  Rendered posts/index.html.erb within layouts/application (1.2ms)
Completed 200 OK in 10ms (Views: 9.5ms | ActiveRecord: 0.1ms)


  [1m[35m (0.1ms)[0m  [1m[34mSELECT "schema_migrations"."version" FROM "schema_migrations" ORDER BY "schema_migrations"."version" ASC[0m
  ↳ bin/rails:4
  [1m[36mActiveRecord::InternalMetadata Load (0.1ms)[0m  [1m[34mSELECT  "ar_internal_metadata".* FROM "ar_internal_metadata" WHERE "ar_internal_metadata"."key" = ? LIMIT ?[0m  [["key", "environment"], ["LIMIT", 1]]
  ↳ bin/rails:4
  [1m[35m (0.0ms)[0m  [1m[36mbegin transaction[0m
  ↳ bin/rails:4
  [1m[35m (0.0ms)[0m  [1m[36mcommit transaction[0m
  ↳ bin/rails:4
  [1m[35m (0.0ms)[0m  [1m[34mSELECT "schema_migrations"."version" FROM "schema_migrations" ORDER BY "schema_migrations"."version" ASC[0m
  ↳ bin/rails:4
Started GET "/posts/new" for ::1 at 2022-09-20 18:34:16 -0300
Processing by PostsController#show as HTML
  Parameters: {"id"=>"new"}
  [1m[36mPost Load (0.1ms)[0m  [1m[34mSELECT  "posts".* FROM "posts" WHERE "posts"."id" = ? LIMIT ?[0m  [["id", 0], ["LIMIT", 1]]
  ↳ app/controllers/posts_controller.rb:44
Completed 404 Not Found in 3ms (ActiveRecord: 0.5ms)


  
ActiveRecord::RecordNotFound (Couldn't find Post with 'id'=new):
  
app/controllers/posts_controller.rb:44:in `set_post'
Started GET "/posts" for ::1 at 2022-09-20 18:34:17 -0300
Processing by PostsController#index as HTML
  Rendering posts/index.html.erb within layouts/application
  [1m[36mPost Load (0.2ms)[0m  [1m[34mSELECT "posts".* FROM "posts"[0m
  ↳ app/views/posts/index.html.erb:12
  Rendered posts/index.html.erb within layouts/application (3.2ms)
Completed 200 OK in 12ms (Views: 11.3ms | ActiveRecord: 0.2ms)


